<?xml version="1.0" encoding="UTF-8"?>
<robot generator="Robot 5.0.1 (Python 3.10.7 on win32)" generated="20221004 12:38:36.403" rpa="false" schemaversion="3">
<suite id="s1" name="Verkkokauppa" source="c:\Users\Edu\Desktop\IDEs\SoftwareTesting\Software_Testing_final_project\verkkokauppa.robot">
<test id="s1-t1" name="Open google" line="8">
<kw name="Open Browser" library="SeleniumLibrary">
<arg>https://www.verkkokauppa.com/</arg>
<arg>Chrome</arg>
<doc>Opens a new browser instance to the optional ``url``.</doc>
<msg timestamp="20221004 12:38:36.900" level="INFO">Opening browser 'Chrome' to base url 'https://www.verkkokauppa.com/'.</msg>
<status status="PASS" starttime="20221004 12:38:36.899" endtime="20221004 12:38:41.667"/>
</kw>
<kw name="Maximize Browser Window" library="SeleniumLibrary">
<doc>Maximizes current browser window.</doc>
<status status="PASS" starttime="20221004 12:38:41.670" endtime="20221004 12:38:42.258"/>
</kw>
<kw name="Page Should Contain" library="SeleniumLibrary">
<arg>Käytämme evästeitä käyttökokemuksen parantamiseen, analytiikkaan ja personoidun sisällön tuottamiseen. Suostumuksellasi käytämme evästeitä myös markkinoinnin kohdentamiseen.</arg>
<doc>Verifies that current page contains ``text``.</doc>
<msg timestamp="20221004 12:38:42.363" level="INFO">Current page contains text 'Käytämme evästeitä käyttökokemuksen parantamiseen, analytiikkaan ja personoidun sisällön tuottamiseen. Suostumuksellasi käytämme evästeitä myös markkinoinnin kohdentamiseen.'.</msg>
<status status="PASS" starttime="20221004 12:38:42.259" endtime="20221004 12:38:42.364"/>
</kw>
<kw name="Click Element" library="SeleniumLibrary">
<arg>id:allow-cookies</arg>
<doc>Click the element identified by ``locator``.</doc>
<msg timestamp="20221004 12:38:42.366" level="INFO">Clicking element 'id:allow-cookies'.</msg>
<status status="PASS" starttime="20221004 12:38:42.365" endtime="20221004 12:38:42.585"/>
</kw>
<kw name="Click Element" library="SeleniumLibrary">
<arg>xpath:/html/body/div[1]/div[1]/header/div/label</arg>
<doc>Click the element identified by ``locator``.</doc>
<msg timestamp="20221004 12:38:42.587" level="INFO">Clicking element 'xpath:/html/body/div[1]/div[1]/header/div/label'.</msg>
<status status="PASS" starttime="20221004 12:38:42.586" endtime="20221004 12:38:42.892"/>
</kw>
<kw name="Get Element Count" library="SeleniumLibrary">
<var>${count}</var>
<arg>xpath:/html/body/div[1]/div/div/aside/nav/div/div[2]/ul</arg>
<doc>Returns the number of elements matching ``locator``.</doc>
<msg timestamp="20221004 12:38:43.057" level="INFO">${count} = 1</msg>
<status status="PASS" starttime="20221004 12:38:42.894" endtime="20221004 12:38:43.058"/>
</kw>
<for flavor="IN RANGE">
<var>${num}</var>
<value>1</value>
<value>${count}</value>
<iter>
<var name="${num}"/>
<kw name="Page Should Contain Element" library="SeleniumLibrary">
<arg>xpath:/html/body/div[1]/div/div/aside/nav/div/div[2]/ul/li[${num}]/a/span[1]/svg</arg>
<doc>Verifies that element ``locator`` is found on the current page.</doc>
<status status="NOT RUN" starttime="20221004 12:38:43.059" endtime="20221004 12:38:43.060"/>
</kw>
<status status="NOT RUN" starttime="20221004 12:38:43.059" endtime="20221004 12:38:43.060"/>
</iter>
<status status="NOT RUN" starttime="20221004 12:38:43.058" endtime="20221004 12:38:43.060"/>
</for>
<status status="PASS" starttime="20221004 12:38:36.898" endtime="20221004 12:38:43.061"/>
</test>
<status status="PASS" starttime="20221004 12:38:36.414" endtime="20221004 12:38:43.063"/>
</suite>
<statistics>
<total>
<stat pass="1" fail="0" skip="0">All Tests</stat>
</total>
<tag>
</tag>
<suite>
<stat pass="1" fail="0" skip="0" id="s1" name="Verkkokauppa">Verkkokauppa</stat>
</suite>
</statistics>
<errors>
</errors>
</robot>
